[2025-01-26 23:13:00,468] multiqc                                            [DEBUG  ]  No MultiQC config found: /data/rc/apps/ngs-ccts/MultiQC/0.8/lib/python2.7/site-packages/multiqc_config.yaml
[2025-01-26 23:13:00,469] multiqc                                            [DEBUG  ]  No MultiQC config found: /home/flanary/.multiqc_config.yaml
[2025-01-26 23:13:00,469] multiqc                                            [DEBUG  ]  No MultiQC config found: multiqc_config.yaml
[2025-01-26 23:13:00,469] multiqc                                            [DEBUG  ]  No MultiQC config found: /data/rc/apps/ngs-ccts/MultiQC/0.8/lib/python2.7/site-packages/multiqc_config.yaml
[2025-01-26 23:13:00,469] multiqc                                            [DEBUG  ]  No MultiQC config found: /home/flanary/.multiqc_config.yaml
[2025-01-26 23:13:00,469] multiqc                                            [DEBUG  ]  No MultiQC config found: multiqc_config.yaml
[2025-01-26 23:13:00,469] multiqc                                            [DEBUG  ]  Command used: /share/apps/ngs-ccts/MultiQC/0.8/bin/multiqc -v /home/flanary/Dry_Lab/13cRA/atac-seq/treated/Sen_241217/03_post-trim_qc/fastqc_output -o /home/flanary/Dry_Lab/13cRA/atac-seq/treated/Sen_241217/03_post-trim_qc/multiqc_output
[2025-01-26 23:13:00,469] multiqc                                            [DEBUG  ]  Could not connect to multiqc.info for version check
[2025-01-26 23:13:00,469] multiqc                                            [INFO   ]  This is MultiQC v0.8
[2025-01-26 23:13:00,469] multiqc                                            [DEBUG  ]  Command     : /share/apps/ngs-ccts/MultiQC/0.8/bin/multiqc -v /home/flanary/Dry_Lab/13cRA/atac-seq/treated/Sen_241217/03_post-trim_qc/fastqc_output -o /home/flanary/Dry_Lab/13cRA/atac-seq/treated/Sen_241217/03_post-trim_qc/multiqc_output
[2025-01-26 23:13:00,469] multiqc                                            [DEBUG  ]  Working dir : /data/user/home/flanary/Dry_Lab/13cRA/atac-seq/treated/Sen_241217/03_post-trim_qc
[2025-01-26 23:13:00,469] multiqc                                            [INFO   ]  Template    : default
[2025-01-26 23:13:00,470] multiqc                                            [INFO   ]  Searching '/home/flanary/Dry_Lab/13cRA/atac-seq/treated/Sen_241217/03_post-trim_qc/fastqc_output'
[2025-01-26 23:13:00,470] multiqc                                            [DEBUG  ]  Analysing modules: gatk, quast, snpeff, qualimap, bcftools, featureCounts, methylQA, rseqc, picard, preseq, samblaster, samtools, bamtools, bismark, hicup, salmon, kallisto, star, tophat, bowtie2, bowtie1, cutadapt, trimmomatic, skewer, fastq_screen, fastqc
[2025-01-26 23:13:00,470] multiqc                                            [DEBUG  ]  Using temporary directory for creating report: /scratch/local/tmpHyXThS
[2025-01-26 23:13:01,333] multiqc.modules.gatk.gatk                          [DEBUG  ]  Could not find any reports in ('/home/flanary/Dry_Lab/13cRA/atac-seq/treated/Sen_241217/03_post-trim_qc/fastqc_output',)
[2025-01-26 23:13:01,360] multiqc.modules.quast.quast                        [DEBUG  ]  Could not find any reports in ('/home/flanary/Dry_Lab/13cRA/atac-seq/treated/Sen_241217/03_post-trim_qc/fastqc_output',)
[2025-01-26 23:13:01,435] multiqc.modules.snpeff.snpeff                      [DEBUG  ]  Could not find any data in ('/home/flanary/Dry_Lab/13cRA/atac-seq/treated/Sen_241217/03_post-trim_qc/fastqc_output',)
[2025-01-26 23:13:01,476] multiqc.modules.qualimap.qualimap                  [DEBUG  ]  Could not find any reports in ('/home/flanary/Dry_Lab/13cRA/atac-seq/treated/Sen_241217/03_post-trim_qc/fastqc_output',)
[2025-01-26 23:13:01,555] multiqc.modules.bcftools.bcftools                  [DEBUG  ]  Could not find any reports in ('/home/flanary/Dry_Lab/13cRA/atac-seq/treated/Sen_241217/03_post-trim_qc/fastqc_output',)
[2025-01-26 23:13:01,573] multiqc.modules.featureCounts.feature_counts       [DEBUG  ]  Could not find any reports in ('/home/flanary/Dry_Lab/13cRA/atac-seq/treated/Sen_241217/03_post-trim_qc/fastqc_output',)
[2025-01-26 23:13:01,595] multiqc.modules.methylQA.methylQA                  [DEBUG  ]  Could not find any reports in ('/home/flanary/Dry_Lab/13cRA/atac-seq/treated/Sen_241217/03_post-trim_qc/fastqc_output',)
[2025-01-26 23:13:01,881] multiqc.modules.rseqc.rseqc                        [DEBUG  ]  Could not find any reports in ('/home/flanary/Dry_Lab/13cRA/atac-seq/treated/Sen_241217/03_post-trim_qc/fastqc_output',)
[2025-01-26 23:13:02,383] multiqc.modules.picard.picard                      [DEBUG  ]  Could not find any reports in ('/home/flanary/Dry_Lab/13cRA/atac-seq/treated/Sen_241217/03_post-trim_qc/fastqc_output',)
[2025-01-26 23:13:02,440] multiqc.modules.preseq.preseq                      [DEBUG  ]  Could not find any preseq data in ('/home/flanary/Dry_Lab/13cRA/atac-seq/treated/Sen_241217/03_post-trim_qc/fastqc_output',)
[2025-01-26 23:13:02,512] multiqc.modules.samblaster.samblaster              [DEBUG  ]  Could not find any data in ('/home/flanary/Dry_Lab/13cRA/atac-seq/treated/Sen_241217/03_post-trim_qc/fastqc_output',)
[2025-01-26 23:13:02,693] multiqc.modules.samtools.samtools                  [DEBUG  ]  Could not find any reports in ('/home/flanary/Dry_Lab/13cRA/atac-seq/treated/Sen_241217/03_post-trim_qc/fastqc_output',)
[2025-01-26 23:13:02,767] multiqc.modules.bamtools.bamtools                  [DEBUG  ]  Could not find any reports in ('/home/flanary/Dry_Lab/13cRA/atac-seq/treated/Sen_241217/03_post-trim_qc/fastqc_output',)
[2025-01-26 23:13:02,814] multiqc.modules.bismark.bismark                    [DEBUG  ]  Could not find any reports in ('/home/flanary/Dry_Lab/13cRA/atac-seq/treated/Sen_241217/03_post-trim_qc/fastqc_output',)
[2025-01-26 23:13:02,836] multiqc.modules.hicup.hicup                        [DEBUG  ]  Could not find any HiCUP data in ('/home/flanary/Dry_Lab/13cRA/atac-seq/treated/Sen_241217/03_post-trim_qc/fastqc_output',)
[2025-01-26 23:13:02,842] multiqc.modules.salmon.salmon                      [DEBUG  ]  Could not find any Salmon data in ('/home/flanary/Dry_Lab/13cRA/atac-seq/treated/Sen_241217/03_post-trim_qc/fastqc_output',)
[2025-01-26 23:13:02,923] multiqc.modules.kallisto.kallisto                  [DEBUG  ]  Could not find any reports in ('/home/flanary/Dry_Lab/13cRA/atac-seq/treated/Sen_241217/03_post-trim_qc/fastqc_output',)
[2025-01-26 23:13:02,946] multiqc.modules.star.star                          [DEBUG  ]  Could not find any reports in ('/home/flanary/Dry_Lab/13cRA/atac-seq/treated/Sen_241217/03_post-trim_qc/fastqc_output',)
[2025-01-26 23:13:02,962] multiqc.modules.tophat.tophat                      [DEBUG  ]  Could not find any reports in ('/home/flanary/Dry_Lab/13cRA/atac-seq/treated/Sen_241217/03_post-trim_qc/fastqc_output',)
[2025-01-26 23:13:03,038] multiqc.modules.bowtie2.bowtie2                    [DEBUG  ]  Could not find any reports in ('/home/flanary/Dry_Lab/13cRA/atac-seq/treated/Sen_241217/03_post-trim_qc/fastqc_output',)
[2025-01-26 23:13:03,107] multiqc.modules.bowtie1.bowtie1                    [DEBUG  ]  Could not find any reports in ('/home/flanary/Dry_Lab/13cRA/atac-seq/treated/Sen_241217/03_post-trim_qc/fastqc_output',)
[2025-01-26 23:13:03,178] multiqc.modules.cutadapt.cutadapt                  [DEBUG  ]  Could not find any reports in ('/home/flanary/Dry_Lab/13cRA/atac-seq/treated/Sen_241217/03_post-trim_qc/fastqc_output',)
[2025-01-26 23:13:03,255] multiqc.modules.trimmomatic.trimmomatic            [DEBUG  ]  Could not find any Trimmomatic data in ('/home/flanary/Dry_Lab/13cRA/atac-seq/treated/Sen_241217/03_post-trim_qc/fastqc_output',)
[2025-01-26 23:13:03,330] multiqc.modules.skewer.skewer                      [DEBUG  ]  Could not find any data in ('/home/flanary/Dry_Lab/13cRA/atac-seq/treated/Sen_241217/03_post-trim_qc/fastqc_output',)
[2025-01-26 23:13:03,349] multiqc.modules.fastq_screen.fastq_screen          [DEBUG  ]  Could not find any reports in ('/home/flanary/Dry_Lab/13cRA/atac-seq/treated/Sen_241217/03_post-trim_qc/fastqc_output',)
[2025-01-26 23:13:09,726] multiqc.modules.fastqc.fastqc                      [INFO   ]  Found 16 reports
[2025-01-26 23:13:10,319] multiqc                                            [INFO   ]  Report      : ../../../../../../../../../../home/flanary/Dry_Lab/13cRA/atac-seq/treated/Sen_241217/03_post-trim_qc/multiqc_output/multiqc_report.html
[2025-01-26 23:13:10,320] multiqc                                            [INFO   ]  Data        : ../../../../../../../../../../home/flanary/Dry_Lab/13cRA/atac-seq/treated/Sen_241217/03_post-trim_qc/multiqc_output/multiqc_data
[2025-01-26 23:13:10,320] multiqc                                            [DEBUG  ]  Moving data file from '/scratch/local/tmpHyXThS/multiqc_data/multiqc_fastqc.txt' to '/home/flanary/Dry_Lab/13cRA/atac-seq/treated/Sen_241217/03_post-trim_qc/multiqc_output/multiqc_data'
[2025-01-26 23:13:10,320] multiqc                                            [DEBUG  ]  Moving data file from '/scratch/local/tmpHyXThS/multiqc_data/multiqc_general_stats.txt' to '/home/flanary/Dry_Lab/13cRA/atac-seq/treated/Sen_241217/03_post-trim_qc/multiqc_output/multiqc_data'
[2025-01-26 23:13:10,321] multiqc                                            [DEBUG  ]  Moving data file from '/scratch/local/tmpHyXThS/multiqc_data/multiqc_sources.txt' to '/home/flanary/Dry_Lab/13cRA/atac-seq/treated/Sen_241217/03_post-trim_qc/multiqc_output/multiqc_data'
[2025-01-26 23:13:10,995] multiqc                                            [INFO   ]  MultiQC complete
