[2025-01-20 14:06:29,771] multiqc                                            [DEBUG  ]  No MultiQC config found: /data/rc/apps/ngs-ccts/MultiQC/0.8/lib/python2.7/site-packages/multiqc_config.yaml
[2025-01-20 14:06:29,772] multiqc                                            [DEBUG  ]  No MultiQC config found: /home/flanary/.multiqc_config.yaml
[2025-01-20 14:06:29,772] multiqc                                            [DEBUG  ]  No MultiQC config found: multiqc_config.yaml
[2025-01-20 14:06:29,772] multiqc                                            [DEBUG  ]  No MultiQC config found: /data/rc/apps/ngs-ccts/MultiQC/0.8/lib/python2.7/site-packages/multiqc_config.yaml
[2025-01-20 14:06:29,772] multiqc                                            [DEBUG  ]  No MultiQC config found: /home/flanary/.multiqc_config.yaml
[2025-01-20 14:06:29,772] multiqc                                            [DEBUG  ]  No MultiQC config found: multiqc_config.yaml
[2025-01-20 14:06:29,772] multiqc                                            [DEBUG  ]  Command used: /share/apps/ngs-ccts/MultiQC/0.8/bin/multiqc -v /home/flanary/Dry_Lab/13cRA/rna-seq/untreated/GSE28875/02_fastq_qc/fastqc_output -o /home/flanary/Dry_Lab/13cRA/rna-seq/untreated/GSE28875/02_fastq_qc/multiqc_output
[2025-01-20 14:06:29,772] multiqc                                            [DEBUG  ]  Could not connect to multiqc.info for version check
[2025-01-20 14:06:29,772] multiqc                                            [INFO   ]  This is MultiQC v0.8
[2025-01-20 14:06:29,773] multiqc                                            [DEBUG  ]  Command     : /share/apps/ngs-ccts/MultiQC/0.8/bin/multiqc -v /home/flanary/Dry_Lab/13cRA/rna-seq/untreated/GSE28875/02_fastq_qc/fastqc_output -o /home/flanary/Dry_Lab/13cRA/rna-seq/untreated/GSE28875/02_fastq_qc/multiqc_output
[2025-01-20 14:06:29,773] multiqc                                            [DEBUG  ]  Working dir : /data/user/home/flanary/Dry_Lab/13cRA/rna-seq/untreated/GSE28875/02_fastq_qc
[2025-01-20 14:06:29,773] multiqc                                            [INFO   ]  Template    : default
[2025-01-20 14:06:29,773] multiqc                                            [INFO   ]  Searching '/home/flanary/Dry_Lab/13cRA/rna-seq/untreated/GSE28875/02_fastq_qc/fastqc_output'
[2025-01-20 14:06:29,773] multiqc                                            [DEBUG  ]  Analysing modules: gatk, quast, snpeff, qualimap, bcftools, featureCounts, methylQA, rseqc, picard, preseq, samblaster, samtools, bamtools, bismark, hicup, salmon, kallisto, star, tophat, bowtie2, bowtie1, cutadapt, trimmomatic, skewer, fastq_screen, fastqc
[2025-01-20 14:06:29,773] multiqc                                            [DEBUG  ]  Using temporary directory for creating report: /scratch/local/tmpLQs18T
[2025-01-20 14:06:29,837] multiqc.modules.gatk.gatk                          [DEBUG  ]  Could not find any reports in ('/home/flanary/Dry_Lab/13cRA/rna-seq/untreated/GSE28875/02_fastq_qc/fastqc_output',)
[2025-01-20 14:06:29,849] multiqc.modules.quast.quast                        [DEBUG  ]  Could not find any reports in ('/home/flanary/Dry_Lab/13cRA/rna-seq/untreated/GSE28875/02_fastq_qc/fastqc_output',)
[2025-01-20 14:06:29,865] multiqc.modules.snpeff.snpeff                      [DEBUG  ]  Could not find any data in ('/home/flanary/Dry_Lab/13cRA/rna-seq/untreated/GSE28875/02_fastq_qc/fastqc_output',)
[2025-01-20 14:06:29,918] multiqc.modules.qualimap.qualimap                  [DEBUG  ]  Could not find any reports in ('/home/flanary/Dry_Lab/13cRA/rna-seq/untreated/GSE28875/02_fastq_qc/fastqc_output',)
[2025-01-20 14:06:29,947] multiqc.modules.bcftools.bcftools                  [DEBUG  ]  Could not find any reports in ('/home/flanary/Dry_Lab/13cRA/rna-seq/untreated/GSE28875/02_fastq_qc/fastqc_output',)
[2025-01-20 14:06:29,967] multiqc.modules.featureCounts.feature_counts       [DEBUG  ]  Could not find any reports in ('/home/flanary/Dry_Lab/13cRA/rna-seq/untreated/GSE28875/02_fastq_qc/fastqc_output',)
[2025-01-20 14:06:29,984] multiqc.modules.methylQA.methylQA                  [DEBUG  ]  Could not find any reports in ('/home/flanary/Dry_Lab/13cRA/rna-seq/untreated/GSE28875/02_fastq_qc/fastqc_output',)
[2025-01-20 14:06:30,079] multiqc.modules.rseqc.rseqc                        [DEBUG  ]  Could not find any reports in ('/home/flanary/Dry_Lab/13cRA/rna-seq/untreated/GSE28875/02_fastq_qc/fastqc_output',)
[2025-01-20 14:06:30,211] multiqc.modules.picard.picard                      [DEBUG  ]  Could not find any reports in ('/home/flanary/Dry_Lab/13cRA/rna-seq/untreated/GSE28875/02_fastq_qc/fastqc_output',)
[2025-01-20 14:06:30,221] multiqc.modules.preseq.preseq                      [DEBUG  ]  Could not find any preseq data in ('/home/flanary/Dry_Lab/13cRA/rna-seq/untreated/GSE28875/02_fastq_qc/fastqc_output',)
[2025-01-20 14:06:30,269] multiqc.modules.samblaster.samblaster              [DEBUG  ]  Could not find any data in ('/home/flanary/Dry_Lab/13cRA/rna-seq/untreated/GSE28875/02_fastq_qc/fastqc_output',)
[2025-01-20 14:06:30,353] multiqc.modules.samtools.samtools                  [DEBUG  ]  Could not find any reports in ('/home/flanary/Dry_Lab/13cRA/rna-seq/untreated/GSE28875/02_fastq_qc/fastqc_output',)
[2025-01-20 14:06:30,377] multiqc.modules.bamtools.bamtools                  [DEBUG  ]  Could not find any reports in ('/home/flanary/Dry_Lab/13cRA/rna-seq/untreated/GSE28875/02_fastq_qc/fastqc_output',)
[2025-01-20 14:06:30,393] multiqc.modules.bismark.bismark                    [DEBUG  ]  Could not find any reports in ('/home/flanary/Dry_Lab/13cRA/rna-seq/untreated/GSE28875/02_fastq_qc/fastqc_output',)
[2025-01-20 14:06:30,410] multiqc.modules.hicup.hicup                        [DEBUG  ]  Could not find any HiCUP data in ('/home/flanary/Dry_Lab/13cRA/rna-seq/untreated/GSE28875/02_fastq_qc/fastqc_output',)
[2025-01-20 14:06:30,415] multiqc.modules.salmon.salmon                      [DEBUG  ]  Could not find any Salmon data in ('/home/flanary/Dry_Lab/13cRA/rna-seq/untreated/GSE28875/02_fastq_qc/fastqc_output',)
[2025-01-20 14:06:30,431] multiqc.modules.kallisto.kallisto                  [DEBUG  ]  Could not find any reports in ('/home/flanary/Dry_Lab/13cRA/rna-seq/untreated/GSE28875/02_fastq_qc/fastqc_output',)
[2025-01-20 14:06:30,452] multiqc.modules.star.star                          [DEBUG  ]  Could not find any reports in ('/home/flanary/Dry_Lab/13cRA/rna-seq/untreated/GSE28875/02_fastq_qc/fastqc_output',)
[2025-01-20 14:06:30,468] multiqc.modules.tophat.tophat                      [DEBUG  ]  Could not find any reports in ('/home/flanary/Dry_Lab/13cRA/rna-seq/untreated/GSE28875/02_fastq_qc/fastqc_output',)
[2025-01-20 14:06:30,494] multiqc.modules.bowtie2.bowtie2                    [DEBUG  ]  Could not find any reports in ('/home/flanary/Dry_Lab/13cRA/rna-seq/untreated/GSE28875/02_fastq_qc/fastqc_output',)
[2025-01-20 14:06:30,514] multiqc.modules.bowtie1.bowtie1                    [DEBUG  ]  Could not find any reports in ('/home/flanary/Dry_Lab/13cRA/rna-seq/untreated/GSE28875/02_fastq_qc/fastqc_output',)
[2025-01-20 14:06:30,541] multiqc.modules.cutadapt.cutadapt                  [DEBUG  ]  Could not find any reports in ('/home/flanary/Dry_Lab/13cRA/rna-seq/untreated/GSE28875/02_fastq_qc/fastqc_output',)
[2025-01-20 14:06:30,578] multiqc.modules.trimmomatic.trimmomatic            [DEBUG  ]  Could not find any Trimmomatic data in ('/home/flanary/Dry_Lab/13cRA/rna-seq/untreated/GSE28875/02_fastq_qc/fastqc_output',)
[2025-01-20 14:06:30,604] multiqc.modules.skewer.skewer                      [DEBUG  ]  Could not find any data in ('/home/flanary/Dry_Lab/13cRA/rna-seq/untreated/GSE28875/02_fastq_qc/fastqc_output',)
[2025-01-20 14:06:30,627] multiqc.modules.fastq_screen.fastq_screen          [DEBUG  ]  Could not find any reports in ('/home/flanary/Dry_Lab/13cRA/rna-seq/untreated/GSE28875/02_fastq_qc/fastqc_output',)
[2025-01-20 14:06:30,702] multiqc.modules.fastqc.fastqc                      [INFO   ]  Found 1 reports
[2025-01-20 14:06:30,733] multiqc                                            [INFO   ]  Report      : ../../../../../../../../../../home/flanary/Dry_Lab/13cRA/rna-seq/untreated/GSE28875/02_fastq_qc/multiqc_output/multiqc_report.html
[2025-01-20 14:06:30,735] multiqc                                            [INFO   ]  Data        : ../../../../../../../../../../home/flanary/Dry_Lab/13cRA/rna-seq/untreated/GSE28875/02_fastq_qc/multiqc_output/multiqc_data
[2025-01-20 14:06:30,735] multiqc                                            [DEBUG  ]  Moving data file from '/scratch/local/tmpLQs18T/multiqc_data/multiqc_fastqc.txt' to '/home/flanary/Dry_Lab/13cRA/rna-seq/untreated/GSE28875/02_fastq_qc/multiqc_output/multiqc_data'
[2025-01-20 14:06:30,736] multiqc                                            [DEBUG  ]  Moving data file from '/scratch/local/tmpLQs18T/multiqc_data/multiqc_general_stats.txt' to '/home/flanary/Dry_Lab/13cRA/rna-seq/untreated/GSE28875/02_fastq_qc/multiqc_output/multiqc_data'
[2025-01-20 14:06:30,737] multiqc                                            [DEBUG  ]  Moving data file from '/scratch/local/tmpLQs18T/multiqc_data/multiqc_sources.txt' to '/home/flanary/Dry_Lab/13cRA/rna-seq/untreated/GSE28875/02_fastq_qc/multiqc_output/multiqc_data'
[2025-01-20 14:06:31,331] multiqc                                            [INFO   ]  MultiQC complete
