[2025-02-02 13:55:47,971] multiqc                                            [DEBUG  ]  No MultiQC config found: /data/rc/apps/ngs-ccts/MultiQC/0.8/lib/python2.7/site-packages/multiqc_config.yaml
[2025-02-02 13:55:47,971] multiqc                                            [DEBUG  ]  No MultiQC config found: /home/flanary/.multiqc_config.yaml
[2025-02-02 13:55:47,971] multiqc                                            [DEBUG  ]  No MultiQC config found: multiqc_config.yaml
[2025-02-02 13:55:47,971] multiqc                                            [DEBUG  ]  No MultiQC config found: /data/rc/apps/ngs-ccts/MultiQC/0.8/lib/python2.7/site-packages/multiqc_config.yaml
[2025-02-02 13:55:47,971] multiqc                                            [DEBUG  ]  No MultiQC config found: /home/flanary/.multiqc_config.yaml
[2025-02-02 13:55:47,971] multiqc                                            [DEBUG  ]  No MultiQC config found: multiqc_config.yaml
[2025-02-02 13:55:47,971] multiqc                                            [DEBUG  ]  Command used: /share/apps/ngs-ccts/MultiQC/0.8/bin/multiqc -v /home/flanary/Projects/Dry_Lab/13cRA/atac-seq/untreated/Sen_240503/01_fastq_qc/fastqc_output -o /home/flanary/Projects/Dry_Lab/13cRA/atac-seq/untreated/Sen_240503/01_fastq_qc/multiqc_output
[2025-02-02 13:55:47,972] multiqc                                            [DEBUG  ]  Could not connect to multiqc.info for version check
[2025-02-02 13:55:47,972] multiqc                                            [INFO   ]  This is MultiQC v0.8
[2025-02-02 13:55:47,972] multiqc                                            [DEBUG  ]  Command     : /share/apps/ngs-ccts/MultiQC/0.8/bin/multiqc -v /home/flanary/Projects/Dry_Lab/13cRA/atac-seq/untreated/Sen_240503/01_fastq_qc/fastqc_output -o /home/flanary/Projects/Dry_Lab/13cRA/atac-seq/untreated/Sen_240503/01_fastq_qc/multiqc_output
[2025-02-02 13:55:47,972] multiqc                                            [DEBUG  ]  Working dir : /data/user/home/flanary/Projects/Dry_Lab/13cRA/atac-seq/untreated/Sen_240503/01_fastq_qc
[2025-02-02 13:55:47,972] multiqc                                            [INFO   ]  Template    : default
[2025-02-02 13:55:47,973] multiqc                                            [INFO   ]  Searching '/home/flanary/Projects/Dry_Lab/13cRA/atac-seq/untreated/Sen_240503/01_fastq_qc/fastqc_output'
[2025-02-02 13:55:47,974] multiqc                                            [DEBUG  ]  Analysing modules: gatk, quast, snpeff, qualimap, bcftools, featureCounts, methylQA, rseqc, picard, preseq, samblaster, samtools, bamtools, bismark, hicup, salmon, kallisto, star, tophat, bowtie2, bowtie1, cutadapt, trimmomatic, skewer, fastq_screen, fastqc
[2025-02-02 13:55:47,974] multiqc                                            [DEBUG  ]  Using temporary directory for creating report: /scratch/local/tmp4A9eHl
[2025-02-02 13:55:48,477] multiqc.modules.gatk.gatk                          [DEBUG  ]  Could not find any reports in ('/home/flanary/Projects/Dry_Lab/13cRA/atac-seq/untreated/Sen_240503/01_fastq_qc/fastqc_output',)
[2025-02-02 13:55:48,504] multiqc.modules.quast.quast                        [DEBUG  ]  Could not find any reports in ('/home/flanary/Projects/Dry_Lab/13cRA/atac-seq/untreated/Sen_240503/01_fastq_qc/fastqc_output',)
[2025-02-02 13:55:48,547] multiqc.modules.snpeff.snpeff                      [DEBUG  ]  Could not find any data in ('/home/flanary/Projects/Dry_Lab/13cRA/atac-seq/untreated/Sen_240503/01_fastq_qc/fastqc_output',)
[2025-02-02 13:55:48,597] multiqc.modules.qualimap.qualimap                  [DEBUG  ]  Could not find any reports in ('/home/flanary/Projects/Dry_Lab/13cRA/atac-seq/untreated/Sen_240503/01_fastq_qc/fastqc_output',)
[2025-02-02 13:55:48,639] multiqc.modules.bcftools.bcftools                  [DEBUG  ]  Could not find any reports in ('/home/flanary/Projects/Dry_Lab/13cRA/atac-seq/untreated/Sen_240503/01_fastq_qc/fastqc_output',)
[2025-02-02 13:55:48,657] multiqc.modules.featureCounts.feature_counts       [DEBUG  ]  Could not find any reports in ('/home/flanary/Projects/Dry_Lab/13cRA/atac-seq/untreated/Sen_240503/01_fastq_qc/fastqc_output',)
[2025-02-02 13:55:48,673] multiqc.modules.methylQA.methylQA                  [DEBUG  ]  Could not find any reports in ('/home/flanary/Projects/Dry_Lab/13cRA/atac-seq/untreated/Sen_240503/01_fastq_qc/fastqc_output',)
[2025-02-02 13:55:48,838] multiqc.modules.rseqc.rseqc                        [DEBUG  ]  Could not find any reports in ('/home/flanary/Projects/Dry_Lab/13cRA/atac-seq/untreated/Sen_240503/01_fastq_qc/fastqc_output',)
[2025-02-02 13:55:49,118] multiqc.modules.picard.picard                      [DEBUG  ]  Could not find any reports in ('/home/flanary/Projects/Dry_Lab/13cRA/atac-seq/untreated/Sen_240503/01_fastq_qc/fastqc_output',)
[2025-02-02 13:55:49,146] multiqc.modules.preseq.preseq                      [DEBUG  ]  Could not find any preseq data in ('/home/flanary/Projects/Dry_Lab/13cRA/atac-seq/untreated/Sen_240503/01_fastq_qc/fastqc_output',)
[2025-02-02 13:55:49,179] multiqc.modules.samblaster.samblaster              [DEBUG  ]  Could not find any data in ('/home/flanary/Projects/Dry_Lab/13cRA/atac-seq/untreated/Sen_240503/01_fastq_qc/fastqc_output',)
[2025-02-02 13:55:49,256] multiqc.modules.samtools.samtools                  [DEBUG  ]  Could not find any reports in ('/home/flanary/Projects/Dry_Lab/13cRA/atac-seq/untreated/Sen_240503/01_fastq_qc/fastqc_output',)
[2025-02-02 13:55:49,295] multiqc.modules.bamtools.bamtools                  [DEBUG  ]  Could not find any reports in ('/home/flanary/Projects/Dry_Lab/13cRA/atac-seq/untreated/Sen_240503/01_fastq_qc/fastqc_output',)
[2025-02-02 13:55:49,313] multiqc.modules.bismark.bismark                    [DEBUG  ]  Could not find any reports in ('/home/flanary/Projects/Dry_Lab/13cRA/atac-seq/untreated/Sen_240503/01_fastq_qc/fastqc_output',)
[2025-02-02 13:55:49,365] multiqc.modules.hicup.hicup                        [DEBUG  ]  Could not find any HiCUP data in ('/home/flanary/Projects/Dry_Lab/13cRA/atac-seq/untreated/Sen_240503/01_fastq_qc/fastqc_output',)
[2025-02-02 13:55:49,370] multiqc.modules.salmon.salmon                      [DEBUG  ]  Could not find any Salmon data in ('/home/flanary/Projects/Dry_Lab/13cRA/atac-seq/untreated/Sen_240503/01_fastq_qc/fastqc_output',)
[2025-02-02 13:55:49,425] multiqc.modules.kallisto.kallisto                  [DEBUG  ]  Could not find any reports in ('/home/flanary/Projects/Dry_Lab/13cRA/atac-seq/untreated/Sen_240503/01_fastq_qc/fastqc_output',)
[2025-02-02 13:55:49,441] multiqc.modules.star.star                          [DEBUG  ]  Could not find any reports in ('/home/flanary/Projects/Dry_Lab/13cRA/atac-seq/untreated/Sen_240503/01_fastq_qc/fastqc_output',)
[2025-02-02 13:55:49,457] multiqc.modules.tophat.tophat                      [DEBUG  ]  Could not find any reports in ('/home/flanary/Projects/Dry_Lab/13cRA/atac-seq/untreated/Sen_240503/01_fastq_qc/fastqc_output',)
[2025-02-02 13:55:49,497] multiqc.modules.bowtie2.bowtie2                    [DEBUG  ]  Could not find any reports in ('/home/flanary/Projects/Dry_Lab/13cRA/atac-seq/untreated/Sen_240503/01_fastq_qc/fastqc_output',)
[2025-02-02 13:55:49,545] multiqc.modules.bowtie1.bowtie1                    [DEBUG  ]  Could not find any reports in ('/home/flanary/Projects/Dry_Lab/13cRA/atac-seq/untreated/Sen_240503/01_fastq_qc/fastqc_output',)
[2025-02-02 13:55:49,587] multiqc.modules.cutadapt.cutadapt                  [DEBUG  ]  Could not find any reports in ('/home/flanary/Projects/Dry_Lab/13cRA/atac-seq/untreated/Sen_240503/01_fastq_qc/fastqc_output',)
[2025-02-02 13:55:49,632] multiqc.modules.trimmomatic.trimmomatic            [DEBUG  ]  Could not find any Trimmomatic data in ('/home/flanary/Projects/Dry_Lab/13cRA/atac-seq/untreated/Sen_240503/01_fastq_qc/fastqc_output',)
[2025-02-02 13:55:49,672] multiqc.modules.skewer.skewer                      [DEBUG  ]  Could not find any data in ('/home/flanary/Projects/Dry_Lab/13cRA/atac-seq/untreated/Sen_240503/01_fastq_qc/fastqc_output',)
[2025-02-02 13:55:49,698] multiqc.modules.fastq_screen.fastq_screen          [DEBUG  ]  Could not find any reports in ('/home/flanary/Projects/Dry_Lab/13cRA/atac-seq/untreated/Sen_240503/01_fastq_qc/fastqc_output',)
[2025-02-02 13:55:49,789] multiqc.modules.fastqc.fastqc                      [INFO   ]  Found 8 reports
[2025-02-02 13:55:49,955] multiqc                                            [INFO   ]  Report      : ../../../../../../../../../../../home/flanary/Projects/Dry_Lab/13cRA/atac-seq/untreated/Sen_240503/01_fastq_qc/multiqc_output/multiqc_report.html
[2025-02-02 13:55:49,956] multiqc                                            [INFO   ]  Data        : ../../../../../../../../../../../home/flanary/Projects/Dry_Lab/13cRA/atac-seq/untreated/Sen_240503/01_fastq_qc/multiqc_output/multiqc_data
[2025-02-02 13:55:49,956] multiqc                                            [DEBUG  ]  Moving data file from '/scratch/local/tmp4A9eHl/multiqc_data/multiqc_fastqc.txt' to '/home/flanary/Projects/Dry_Lab/13cRA/atac-seq/untreated/Sen_240503/01_fastq_qc/multiqc_output/multiqc_data'
[2025-02-02 13:55:49,956] multiqc                                            [DEBUG  ]  Moving data file from '/scratch/local/tmp4A9eHl/multiqc_data/multiqc_general_stats.txt' to '/home/flanary/Projects/Dry_Lab/13cRA/atac-seq/untreated/Sen_240503/01_fastq_qc/multiqc_output/multiqc_data'
[2025-02-02 13:55:49,957] multiqc                                            [DEBUG  ]  Moving data file from '/scratch/local/tmp4A9eHl/multiqc_data/multiqc_sources.txt' to '/home/flanary/Projects/Dry_Lab/13cRA/atac-seq/untreated/Sen_240503/01_fastq_qc/multiqc_output/multiqc_data'
[2025-02-02 13:55:50,565] multiqc                                            [INFO   ]  MultiQC complete
